{"uuid":"84142040-ba11-474f-80c5-856d908a144c","historyId":"eda1d7a82fea44dfa4e69e9c318648de","fullName":"testcase.testBookManagement.testGetUsers","labels":[{"name":"package","value":"testcase.testBookManagement"},{"name":"testClass","value":"testcase.testBookManagement"},{"name":"testMethod","value":"testGetUsers"},{"name":"parentSuite","value":"Default Suite"},{"name":"suite","value":"RESTAssuredTest2024"},{"name":"subSuite","value":"testcase.testBookManagement"},{"name":"host","value":"DESKTOP-8IJAPM5"},{"name":"thread","value":"11856@DESKTOP-8IJAPM5.main(1)"},{"name":"framework","value":"testng"},{"name":"language","value":"java"}],"links":[],"name":"testGetUsers","status":"broken","statusDetails":{"known":false,"muted":false,"flaky":false,"message":"java.io.FileNotFoundException: D:\\anhtester\\rest_assure\\RESTAssuredTest2024\\src\\test\\resources\\testdata\\testdata\\GetAllBooksSchema.json (The system cannot find the path specified)","trace":"io.restassured.module.jsv.JsonSchemaValidationException: java.io.FileNotFoundException: D:\\anhtester\\rest_assure\\RESTAssuredTest2024\\src\\test\\resources\\testdata\\testdata\\GetAllBooksSchema.json (The system cannot find the path specified)\r\n\tat io.restassured.module.jsv.JsonSchemaValidator$JsonSchemaValidatorFactory.create(JsonSchemaValidator.java:286)\r\n\tat io.restassured.module.jsv.JsonSchemaValidator.matchesJsonSchema(JsonSchemaValidator.java:157)\r\n\tat keywords.ApiKeyword.validateJsonSchema(ApiKeyword.java:196)\r\n\tat testcase.testBookManagement.testGetUsers(testBookManagement.java:22)\r\n\tat java.base/jdk.internal.reflect.DirectMethodHandleAccessor.invoke(DirectMethodHandleAccessor.java:104)\r\n\tat java.base/java.lang.reflect.Method.invoke(Method.java:578)\r\n\tat org.testng.internal.MethodInvocationHelper.invokeMethod(MethodInvocationHelper.java:133)\r\n\tat org.testng.internal.TestInvoker.invokeMethod(TestInvoker.java:598)\r\n\tat org.testng.internal.TestInvoker.invokeTestMethod(TestInvoker.java:173)\r\n\tat org.testng.internal.MethodRunner.runInSequence(MethodRunner.java:46)\r\n\tat org.testng.internal.TestInvoker$MethodInvocationAgent.invoke(TestInvoker.java:824)\r\n\tat org.testng.internal.TestInvoker.invokeTestMethods(TestInvoker.java:146)\r\n\tat org.testng.internal.TestMethodWorker.invokeTestMethods(TestMethodWorker.java:146)\r\n\tat org.testng.internal.TestMethodWorker.run(TestMethodWorker.java:128)\r\n\tat java.base/java.util.ArrayList.forEach(ArrayList.java:1511)\r\n\tat org.testng.TestRunner.privateRun(TestRunner.java:794)\r\n\tat org.testng.TestRunner.run(TestRunner.java:596)\r\n\tat org.testng.SuiteRunner.runTest(SuiteRunner.java:377)\r\n\tat org.testng.SuiteRunner.runSequentially(SuiteRunner.java:371)\r\n\tat org.testng.SuiteRunner.privateRun(SuiteRunner.java:332)\r\n\tat org.testng.SuiteRunner.run(SuiteRunner.java:276)\r\n\tat org.testng.SuiteRunnerWorker.runSuite(SuiteRunnerWorker.java:53)\r\n\tat org.testng.SuiteRunnerWorker.run(SuiteRunnerWorker.java:96)\r\n\tat org.testng.TestNG.runSuitesSequentially(TestNG.java:1212)\r\n\tat org.testng.TestNG.runSuitesLocally(TestNG.java:1134)\r\n\tat org.testng.TestNG.runSuites(TestNG.java:1063)\r\n\tat org.testng.TestNG.run(TestNG.java:1031)\r\n\tat com.intellij.rt.testng.IDEARemoteTestNG.run(IDEARemoteTestNG.java:66)\r\n\tat com.intellij.rt.testng.RemoteTestNGStarter.main(RemoteTestNGStarter.java:109)\r\nCaused by: java.io.FileNotFoundException: D:\\anhtester\\rest_assure\\RESTAssuredTest2024\\src\\test\\resources\\testdata\\testdata\\GetAllBooksSchema.json (The system cannot find the path specified)\r\n\tat java.base/java.io.FileInputStream.open0(Native Method)\r\n\tat java.base/java.io.FileInputStream.open(FileInputStream.java:219)\r\n\tat java.base/java.io.FileInputStream.<init>(FileInputStream.java:158)\r\n\tat com.github.fge.jackson.JsonLoader.fromFile(JsonLoader.java:165)\r\n\tat io.restassured.module.jsv.JsonSchemaValidator$3.createSchemaInstance(JsonSchemaValidator.java:155)\r\n\tat io.restassured.module.jsv.JsonSchemaValidator$3.createSchemaInstance(JsonSchemaValidator.java:152)\r\n\tat io.restassured.module.jsv.JsonSchemaValidator$JsonSchemaValidatorFactory.create(JsonSchemaValidator.java:284)\r\n\t... 28 more\r\n"},"stage":"finished","steps":[],"attachments":[],"parameters":[],"start":1712230617287,"stop":1712230618229}